0 info it worked if it ends with ok
1 verbose cli [ 'node', '/usr/local/bin/npm', 'install', '-g', 'express' ]
2 info using npm@2.11.3
3 info using node@v0.12.7
4 verbose install initial load of /usr/local/lib/package.json
5 verbose readDependencies loading dependencies from /usr/local/lib/package.json
6 silly cache add args [ 'express', null ]
7 verbose cache add spec express
8 silly cache add parsed spec { raw: 'express',
8 silly cache add   scope: null,
8 silly cache add   name: 'express',
8 silly cache add   rawSpec: '',
8 silly cache add   spec: '*',
8 silly cache add   type: 'range' }
9 silly addNamed express@*
10 verbose addNamed "*" is a valid semver range for express
11 silly addNameRange { name: 'express', range: '*', hasData: false }
12 silly mapToRegistry name express
13 silly mapToRegistry using default registry
14 silly mapToRegistry registry https://registry.npmjs.org/
15 silly mapToRegistry uri https://registry.npmjs.org/express
16 verbose addNameRange registry:https://registry.npmjs.org/express not in flight; fetching
17 verbose request uri https://registry.npmjs.org/express
18 verbose request no auth needed
19 info attempt registry request try #1 at 17:17:47
20 verbose request id faf9d167830190a5
21 verbose etag "5KQF5EL1BHLKVNQNFWNK7NVXS"
22 http request GET https://registry.npmjs.org/express
23 http 200 https://registry.npmjs.org/express
24 silly get cb [ 200,
24 silly get   { server: 'CouchDB/1.5.0 (Erlang OTP/R16B03)',
24 silly get     etag: '"BSGXHWVR64H98JFUUK1OIFM60"',
24 silly get     'content-type': 'application/json',
24 silly get     'cache-control': 'max-age=60',
24 silly get     'content-length': '516190',
24 silly get     'accept-ranges': 'bytes',
24 silly get     date: 'Fri, 31 Jul 2015 09:17:48 GMT',
24 silly get     via: '1.1 varnish',
24 silly get     age: '39',
24 silly get     connection: 'keep-alive',
24 silly get     'x-served-by': 'cache-nrt6122-NRT',
24 silly get     'x-cache': 'HIT',
24 silly get     'x-cache-hits': '1',
24 silly get     'x-timer': 'S1438334268.004120,VS0,VE1',
24 silly get     vary: 'Accept' } ]
25 verbose get saving express to /Users/liluoqi/.npm/registry.npmjs.org/express/.cache.json
26 silly addNameRange number 2 { name: 'express', range: '*', hasData: true }
27 silly addNameRange versions [ 'express',
27 silly addNameRange   [ '0.14.0',
27 silly addNameRange     '0.14.1',
27 silly addNameRange     '1.0.0',
27 silly addNameRange     '1.0.1',
27 silly addNameRange     '1.0.2',
27 silly addNameRange     '1.0.3',
27 silly addNameRange     '1.0.4',
27 silly addNameRange     '1.0.5',
27 silly addNameRange     '1.0.6',
27 silly addNameRange     '1.0.7',
27 silly addNameRange     '1.0.8',
27 silly addNameRange     '2.0.0',
27 silly addNameRange     '2.1.0',
27 silly addNameRange     '2.1.1',
27 silly addNameRange     '2.2.0',
27 silly addNameRange     '2.2.1',
27 silly addNameRange     '2.2.2',
27 silly addNameRange     '2.3.0',
27 silly addNameRange     '2.3.1',
27 silly addNameRange     '2.3.2',
27 silly addNameRange     '2.3.3',
27 silly addNameRange     '2.3.4',
27 silly addNameRange     '2.3.5',
27 silly addNameRange     '2.3.6',
27 silly addNameRange     '2.3.7',
27 silly addNameRange     '2.3.8',
27 silly addNameRange     '2.3.9',
27 silly addNameRange     '2.3.10',
27 silly addNameRange     '2.3.11',
27 silly addNameRange     '2.3.12',
27 silly addNameRange     '2.4.0',
27 silly addNameRange     '2.4.1',
27 silly addNameRange     '2.4.2',
27 silly addNameRange     '2.4.3',
27 silly addNameRange     '2.4.4',
27 silly addNameRange     '2.4.5',
27 silly addNameRange     '2.4.6',
27 silly addNameRange     '2.4.7',
27 silly addNameRange     '2.5.0',
27 silly addNameRange     '2.5.1',
27 silly addNameRange     '2.5.2',
27 silly addNameRange     '2.5.3',
27 silly addNameRange     '2.5.4',
27 silly addNameRange     '2.5.5',
27 silly addNameRange     '2.5.6',
27 silly addNameRange     '2.5.7',
27 silly addNameRange     '2.5.8',
27 silly addNameRange     '2.5.9',
27 silly addNameRange     '2.5.10',
27 silly addNameRange     '2.5.11',
27 silly addNameRange     '3.0.0',
27 silly addNameRange     '3.0.1',
27 silly addNameRange     '3.0.2',
27 silly addNameRange     '3.0.3',
27 silly addNameRange     '3.0.4',
27 silly addNameRange     '3.0.5',
27 silly addNameRange     '3.0.6',
27 silly addNameRange     '3.1.0',
27 silly addNameRange     '3.1.1',
27 silly addNameRange     '3.1.2',
27 silly addNameRange     '3.2.0',
27 silly addNameRange     '3.2.1',
27 silly addNameRange     '3.2.2',
27 silly addNameRange     '3.2.3',
27 silly addNameRange     '3.2.4',
27 silly addNameRange     '3.2.5',
27 silly addNameRange     '3.2.6',
27 silly addNameRange     '3.3.0',
27 silly addNameRange     '3.3.1',
27 silly addNameRange     '3.3.2',
27 silly addNameRange     '3.3.3',
27 silly addNameRange     '3.3.4',
27 silly addNameRange     '3.3.5',
27 silly addNameRange     '3.3.6',
27 silly addNameRange     '1.0.0-beta',
27 silly addNameRange     '1.0.0-beta2',
27 silly addNameRange     '1.0.0-rc',
27 silly addNameRange     '1.0.0-rc2',
27 silly addNameRange     '1.0.0-rc3',
27 silly addNameRange     '1.0.0-rc4',
27 silly addNameRange     '2.0.0-beta',
27 silly addNameRange     '2.0.0-beta2',
27 silly addNameRange     '2.0.0-beta3',
27 silly addNameRange     '2.0.0-rc',
27 silly addNameRange     '2.0.0-rc2',
27 silly addNameRange     '2.0.0-rc3',
27 silly addNameRange     '3.0.0-alpha1',
27 silly addNameRange     '3.0.0-alpha2',
27 silly addNameRange     '3.0.0-alpha3',
27 silly addNameRange     '3.0.0-alpha4',
27 silly addNameRange     '3.0.0-alpha5',
27 silly addNameRange     '3.0.0-beta1',
27 silly addNameRange     '3.0.0-beta2',
27 silly addNameRange     '3.0.0-beta3',
27 silly addNameRange     '3.0.0-beta4',
27 silly addNameRange     '3.0.0-beta6',
27 silly addNameRange     '3.0.0-beta7',
27 silly addNameRange     '3.0.0-rc1',
27 silly addNameRange     '3.0.0-rc2',
27 silly addNameRange     '3.0.0-rc3',
27 silly addNameRange     '3.0.0-rc4',
27 silly addNameRange     '3.0.0-rc5',
27 silly addNameRange     '3.3.7',
27 silly addNameRange     '3.3.8',
27 silly addNameRange     '3.4.0',
27 silly addNameRange     '3.4.1',
27 silly addNameRange     '3.4.2',
27 silly addNameRange     '3.4.3',
27 silly addNameRange     '3.4.4',
27 silly addNameRange     '3.4.5',
27 silly addNameRange     '3.4.6',
27 silly addNameRange     '3.4.7',
27 silly addNameRange     '3.4.8',
27 silly addNameRange     '4.0.0-rc1',
27 silly addNameRange     '4.0.0-rc2',
27 silly addNameRange     '3.5.0',
27 silly addNameRange     '4.0.0-rc3',
27 silly addNameRange     '4.0.0-rc4',
27 silly addNameRange     '3.5.1',
27 silly addNameRange     '4.0.0',
27 silly addNameRange     '3.5.2',
27 silly addNameRange     '4.1.0',
27 silly addNameRange     '4.1.1',
27 silly addNameRange     '3.5.3',
27 silly addNameRange     '4.1.2',
27 silly addNameRange     '3.6.0',
27 silly addNameRange     '4.2.0',
27 silly addNameRange     '3.7.0',
27 silly addNameRange     '3.8.0',
27 silly addNameRange     '4.3.0',
27 silly addNameRange     '4.3.1',
27 silly addNameRange     '3.8.1',
27 silly addNameRange     '4.3.2',
27 silly addNameRange     '3.9.0',
27 silly addNameRange     '4.4.0',
27 silly addNameRange     '4.4.1',
27 silly addNameRange     '3.10.0',
27 silly addNameRange     '3.10.1',
27 silly addNameRange     '3.10.2',
27 silly addNameRange     '3.10.3',
27 silly addNameRange     '3.10.4',
27 silly addNameRange     '4.4.2',
27 silly addNameRange     '3.10.5',
27 silly addNameRange     '4.4.3',
27 silly addNameRange     '3.11.0',
27 silly addNameRange     '4.4.4',
27 silly addNameRange     '3.12.0',
27 silly addNameRange     '3.12.1',
27 silly addNameRange     '4.4.5',
27 silly addNameRange     '3.13.0',
27 silly addNameRange     '4.5.0',
27 silly addNameRange     '4.5.1',
27 silly addNameRange     '3.14.0',
27 silly addNameRange     '4.6.0',
27 silly addNameRange     '4.6.1',
27 silly addNameRange     '3.15.0',
27 silly addNameRange     '4.7.0',
27 silly addNameRange     '3.15.1',
27 silly addNameRange     '4.7.1',
27 silly addNameRange     '3.15.2',
27 silly addNameRange     '4.7.2',
27 silly addNameRange     '4.7.3',
27 silly addNameRange     '3.15.3',
27 silly addNameRange     '4.7.4',
27 silly addNameRange     '3.16.0',
27 silly addNameRange     '4.8.0',
27 silly addNameRange     '3.16.1',
27 silly addNameRange     '4.8.1',
27 silly addNameRange     '3.16.2',
27 silly addNameRange     '4.8.2',
27 silly addNameRange     '3.16.3',
27 silly addNameRange     '3.16.4',
27 silly addNameRange     '4.8.3',
27 silly addNameRange     '3.16.5',
27 silly addNameRange     '3.16.6',
27 silly addNameRange     '4.8.4',
27 silly addNameRange     '3.16.7',
27 silly addNameRange     '4.8.5',
27 silly addNameRange     '3.16.8',
27 silly addNameRange     '4.8.6',
27 silly addNameRange     '3.16.9',
27 silly addNameRange     '4.8.7',
27 silly addNameRange     '3.16.10',
27 silly addNameRange     '4.8.8',
27 silly addNameRange     '3.17.0',
27 silly addNameRange     '3.17.1',
27 silly addNameRange     '4.9.0',
27 silly addNameRange     '3.17.2',
27 silly addNameRange     '4.9.1',
27 silly addNameRange     '4.9.2',
27 silly addNameRange     '3.17.3',
27 silly addNameRange     '4.9.3',
27 silly addNameRange     '3.17.4',
27 silly addNameRange     '4.9.4',
27 silly addNameRange     '3.17.5',
27 silly addNameRange     '4.9.5',
27 silly addNameRange     '3.17.6',
27 silly addNameRange     '3.17.7',
27 silly addNameRange     '4.9.6',
27 silly addNameRange     '4.9.7',
27 silly addNameRange     '3.17.8',
27 silly addNameRange     '4.9.8',
27 silly addNameRange     '3.18.0',
27 silly addNameRange     '3.18.1',
27 silly addNameRange     '4.10.0',
27 silly addNameRange     '3.18.2',
27 silly addNameRange     '4.10.1',
27 silly addNameRange     '5.0.0-alpha.1',
27 silly addNameRange     '3.18.3',
27 silly addNameRange     '4.10.2',
27 silly addNameRange     '3.18.4',
27 silly addNameRange     '4.10.3',
27 silly addNameRange     '4.10.4',
27 silly addNameRange     '4.10.5',
27 silly addNameRange     '3.18.5',
27 silly addNameRange     '3.18.6',
27 silly addNameRange     '4.10.6',
27 silly addNameRange     '4.10.7',
27 silly addNameRange     '3.19.0',
27 silly addNameRange     '4.10.8',
27 silly addNameRange     '4.11.0',
27 silly addNameRange     '3.19.1',
27 silly addNameRange     '4.11.1',
27 silly addNameRange     '3.19.2',
27 silly addNameRange     '4.11.2',
27 silly addNameRange     '3.20.0',
27 silly addNameRange     '4.12.0',
27 silly addNameRange     '3.20.1',
27 silly addNameRange     '4.12.1',
27 silly addNameRange     '4.12.2',
27 silly addNameRange     '3.20.2',
27 silly addNameRange     '4.12.3',
27 silly addNameRange     '3.20.3',
27 silly addNameRange     '4.12.4',
27 silly addNameRange     '3.21.0',
27 silly addNameRange     '4.13.0',
27 silly addNameRange     '3.21.1',
27 silly addNameRange     '4.13.1',
27 silly addNameRange     '5.0.0-alpha.2' ] ]
28 silly addNamed express@4.13.1
29 verbose addNamed "4.13.1" is a plain semver version for express
30 silly cache afterAdd express@4.13.1
31 verbose afterAdd /Users/liluoqi/.npm/express/4.13.1/package/package.json not in flight; writing
32 verbose afterAdd /Users/liluoqi/.npm/express/4.13.1/package/package.json written
33 silly install resolved [ { name: 'express',
33 silly install resolved     description: 'Fast, unopinionated, minimalist web framework',
33 silly install resolved     version: '4.13.1',
33 silly install resolved     author: { name: 'TJ Holowaychuk', email: 'tj@vision-media.ca' },
33 silly install resolved     contributors:
33 silly install resolved      [ [Object],
33 silly install resolved        [Object],
33 silly install resolved        [Object],
33 silly install resolved        [Object],
33 silly install resolved        [Object],
33 silly install resolved        [Object],
33 silly install resolved        [Object] ],
33 silly install resolved     license: 'MIT',
33 silly install resolved     repository:
33 silly install resolved      { type: 'git',
33 silly install resolved        url: 'git+https://github.com/strongloop/express.git' },
33 silly install resolved     homepage: 'http://expressjs.com/',
33 silly install resolved     keywords:
33 silly install resolved      [ 'express',
33 silly install resolved        'framework',
33 silly install resolved        'sinatra',
33 silly install resolved        'web',
33 silly install resolved        'rest',
33 silly install resolved        'restful',
33 silly install resolved        'router',
33 silly install resolved        'app',
33 silly install resolved        'api' ],
33 silly install resolved     dependencies:
33 silly install resolved      { accepts: '~1.2.10',
33 silly install resolved        'array-flatten': '1.1.0',
33 silly install resolved        'content-disposition': '0.5.0',
33 silly install resolved        'content-type': '~1.0.1',
33 silly install resolved        cookie: '0.1.3',
33 silly install resolved        'cookie-signature': '1.0.6',
33 silly install resolved        debug: '~2.2.0',
33 silly install resolved        depd: '~1.0.1',
33 silly install resolved        'escape-html': '1.0.2',
33 silly install resolved        etag: '~1.7.0',
33 silly install resolved        finalhandler: '0.4.0',
33 silly install resolved        fresh: '0.3.0',
33 silly install resolved        'merge-descriptors': '1.0.0',
33 silly install resolved        methods: '~1.1.1',
33 silly install resolved        'on-finished': '~2.3.0',
33 silly install resolved        parseurl: '~1.3.0',
33 silly install resolved        'path-to-regexp': '0.1.6',
33 silly install resolved        'proxy-addr': '~1.0.8',
33 silly install resolved        qs: '4.0.0',
33 silly install resolved        'range-parser': '~1.0.2',
33 silly install resolved        send: '0.13.0',
33 silly install resolved        'serve-static': '~1.10.0',
33 silly install resolved        'type-is': '~1.6.4',
33 silly install resolved        vary: '~1.0.0',
33 silly install resolved        'utils-merge': '1.0.0' },
33 silly install resolved     devDependencies:
33 silly install resolved      { after: '0.8.1',
33 silly install resolved        ejs: '2.3.2',
33 silly install resolved        istanbul: '0.3.9',
33 silly install resolved        marked: '0.3.3',
33 silly install resolved        mocha: '2.2.5',
33 silly install resolved        should: '7.0.1',
33 silly install resolved        supertest: '1.0.1',
33 silly install resolved        'body-parser': '~1.13.2',
33 silly install resolved        'connect-redis': '~2.3.0',
33 silly install resolved        'cookie-parser': '~1.3.5',
33 silly install resolved        'cookie-session': '~1.2.0',
33 silly install resolved        'express-session': '~1.11.3',
33 silly install resolved        jade: '~1.11.0',
33 silly install resolved        'method-override': '~2.3.3',
33 silly install resolved        morgan: '~1.6.1',
33 silly install resolved        multiparty: '~4.1.2',
33 silly install resolved        vhost: '~3.0.0' },
33 silly install resolved     engines: { node: '>= 0.10.0' },
33 silly install resolved     files: [ 'LICENSE', 'History.md', 'Readme.md', 'index.js', 'lib/' ],
33 silly install resolved     scripts:
33 silly install resolved      { test: 'mocha --require test/support/env --reporter spec --bail --check-leaks test/ test/acceptance/',
33 silly install resolved        'test-ci': 'istanbul cover node_modules/mocha/bin/_mocha --report lcovonly -- --require test/support/env --reporter spec --check-leaks test/ test/acceptance/',
33 silly install resolved        'test-cov': 'istanbul cover node_modules/mocha/bin/_mocha -- --require test/support/env --reporter dot --check-leaks test/ test/acceptance/',
33 silly install resolved        'test-tap': 'mocha --require test/support/env --reporter tap --check-leaks test/ test/acceptance/' },
33 silly install resolved     gitHead: '2ac25098548f739c4f2b526b2a00aa60a74c8e75',
33 silly install resolved     bugs: { url: 'https://github.com/strongloop/express/issues' },
33 silly install resolved     _id: 'express@4.13.1',
33 silly install resolved     _shasum: 'f117aa1d1f6bedbc8de5b6d71fc31a5acd0f63df',
33 silly install resolved     _from: 'express@*',
33 silly install resolved     _npmVersion: '1.4.28',
33 silly install resolved     _npmUser: { name: 'dougwilson', email: 'doug@somethingdoug.com' },
33 silly install resolved     maintainers:
33 silly install resolved      [ [Object],
33 silly install resolved        [Object],
33 silly install resolved        [Object],
33 silly install resolved        [Object],
33 silly install resolved        [Object],
33 silly install resolved        [Object],
33 silly install resolved        [Object] ],
33 silly install resolved     dist:
33 silly install resolved      { shasum: 'f117aa1d1f6bedbc8de5b6d71fc31a5acd0f63df',
33 silly install resolved        tarball: 'http://registry.npmjs.org/express/-/express-4.13.1.tgz' },
33 silly install resolved     directories: {},
33 silly install resolved     _resolved: 'https://registry.npmjs.org/express/-/express-4.13.1.tgz',
33 silly install resolved     readme: 'ERROR: No README data found!' } ]
34 info install express@4.13.1 into /usr/local/lib
35 info installOne express@4.13.1
36 verbose installOne of express to /usr/local/lib not in flight; installing
37 verbose lock using /Users/liluoqi/.npm/_locks/express-59b5b7164c5e2658.lock for /usr/local/lib/node_modules/express
38 silly install write writing express 4.13.1 to /usr/local/lib/node_modules/express
39 verbose unbuild lib/node_modules/express
40 silly gentlyRm /usr/local/lib/node_modules/express is being purged from base /usr/local
41 verbose gentlyRm don't care about contents; nuking /usr/local/lib/node_modules/express
42 verbose tar unpack /Users/liluoqi/.npm/express/4.13.1/package.tgz
43 verbose tar unpacking to /usr/local/lib/node_modules/express
44 silly gentlyRm /usr/local/lib/node_modules/express is being purged
45 verbose gentlyRm don't care about contents; nuking /usr/local/lib/node_modules/express
46 silly gunzTarPerm modes [ '755', '644' ]
47 error tar.unpack untar error /Users/liluoqi/.npm/express/4.13.1/package.tgz
48 verbose unlock done using /Users/liluoqi/.npm/_locks/express-59b5b7164c5e2658.lock for /usr/local/lib/node_modules/express
49 verbose fstream_path /usr/local/lib/node_modules/express
50 verbose fstream_type Directory
51 verbose fstream_class DirWriter
52 verbose stack Error: EACCES, mkdir '/usr/local/lib/node_modules/express'
52 verbose stack     at Error (native)
53 verbose fstream_stack /usr/local/lib/node_modules/npm/node_modules/fstream/lib/dir-writer.js:35:25
53 verbose fstream_stack /usr/local/lib/node_modules/npm/node_modules/mkdirp/index.js:47:53
53 verbose fstream_stack FSReqWrap.oncomplete (fs.js:95:15)
54 verbose cwd /Users/liluoqi/Documents/workspace/gateway
55 error Darwin 14.4.0
56 error argv "node" "/usr/local/bin/npm" "install" "-g" "express"
57 error node v0.12.7
58 error npm  v2.11.3
59 error path /usr/local/lib/node_modules/express
60 error code EACCES
61 error errno -13
62 error Error: EACCES, mkdir '/usr/local/lib/node_modules/express'
62 error     at Error (native)
62 error  { [Error: EACCES, mkdir '/usr/local/lib/node_modules/express']
62 error   errno: -13,
62 error   code: 'EACCES',
62 error   path: '/usr/local/lib/node_modules/express',
62 error   fstream_type: 'Directory',
62 error   fstream_path: '/usr/local/lib/node_modules/express',
62 error   fstream_class: 'DirWriter',
62 error   fstream_stack:
62 error    [ '/usr/local/lib/node_modules/npm/node_modules/fstream/lib/dir-writer.js:35:25',
62 error      '/usr/local/lib/node_modules/npm/node_modules/mkdirp/index.js:47:53',
62 error      'FSReqWrap.oncomplete (fs.js:95:15)' ] }
63 error Please try running this command again as root/Administrator.
64 verbose exit [ -13, true ]
65 verbose unbuild lib/node_modules/express
66 silly gentlyRm /usr/local/lib/node_modules/express is being purged from base /usr/local
67 verbose gentlyRm don't care about contents; nuking /usr/local/lib/node_modules/express
